[05-Oct-2024 21:42:06 Europe/Berlin] Inicializando la aplicacion...
[05-Oct-2024 21:42:06 Europe/Berlin] SessionController::validateSession()
[05-Oct-2024 21:42:06 Europe/Berlin] sessionController::getUserSessionData(): Dave
[05-Oct-2024 21:42:06 Europe/Berlin] sessionController::validateSession(): username:damerchan99@soy.sena.edu.co - role: Administrador
[05-Oct-2024 21:42:06 Europe/Berlin] sessionController::getCurrentPage(): actualLink =>/FAST-PROJECT/categorias, url => categorias
[05-Oct-2024 21:42:06 Europe/Berlin] sessionController::isPublic(): currentURL => categorias
[05-Oct-2024 21:42:06 Europe/Berlin] sessionController::getCurrentPage(): actualLink =>/FAST-PROJECT/categorias, url => categorias
[05-Oct-2024 21:42:06 Europe/Berlin] SessionController::isAuthorized -> Role Administrador is validate for this site categorias
[05-Oct-2024 21:42:06 Europe/Berlin] SessionController::validateSession() => autorizado, lo deja pasar
[05-Oct-2024 21:42:06 Europe/Berlin] sessionController::getUserSessionData(): Dave
[05-Oct-2024 21:42:06 Europe/Berlin] Categorias::construct -> Controlador categorias
[05-Oct-2024 21:42:06 Europe/Berlin] Categorias::render -> Carga la pagina principal de categorias
[05-Oct-2024 21:42:06 Europe/Berlin] Inicializando la aplicacion...
[05-Oct-2024 21:42:06 Europe/Berlin] Errores::construct -> inicio de errores
[05-Oct-2024 21:42:07 Europe/Berlin] Inicializando la aplicacion...
[05-Oct-2024 21:42:07 Europe/Berlin] Inicializando la aplicacion...
[05-Oct-2024 21:42:07 Europe/Berlin] SessionController::validateSession()
[05-Oct-2024 21:42:07 Europe/Berlin] sessionController::getUserSessionData(): Dave
[05-Oct-2024 21:42:07 Europe/Berlin] sessionController::validateSession(): username:damerchan99@soy.sena.edu.co - role: Administrador
[05-Oct-2024 21:42:07 Europe/Berlin] sessionController::getCurrentPage(): actualLink =>/FAST-PROJECT/categorias/getCategories?draw=1&columns%5B0%5D%5Bdata%5D=checkmarks&columns%5B0%5D%5Bname%5D=&columns%5B0%5D%5Bsearchable%5D=true&columns%5B0%5D%5Borderable%5D=false&columns%5B0%5D%5Bsearch%5D%5Bvalue%5D=&columns%5B0%5D%5Bsearch%5D%5Bregex%5D=false&columns%5B1%5D%5Bdata%5D=nombre_categoria&columns%5B1%5D%5Bname%5D=&columns%5B1%5D%5Bsearchable%5D=true&columns%5B1%5D%5Borderable%5D=true&columns%5B1%5D%5Bsearch%5D%5Bvalue%5D=&columns%5B1%5D%5Bsearch%5D%5Bregex%5D=false&columns%5B2%5D%5Bdata%5D=tipo_categoria&columns%5B2%5D%5Bname%5D=&columns%5B2%5D%5Bsearchable%5D=true&columns%5B2%5D%5Borderable%5D=true&columns%5B2%5D%5Bsearch%5D%5Bvalue%5D=&columns%5B2%5D%5Bsearch%5D%5Bregex%5D=false&columns%5B3%5D%5Bdata%5D=options&columns%5B3%5D%5Bname%5D=&columns%5B3%5D%5Bsearchable%5D=true&columns%5B3%5D%5Borderable%5D=false&columns%5B3%5D%5Bsearch%5D%5Bvalue%5D=&columns%5B3%5D%5Bsearch%5D%5Bregex%5D=false&order%5B0%5D%5Bcolumn%5D=1&order%5B0%5D%5Bdir%5D=asc&order%5B0%5D%5Bname%5D=&start=0&length=10&search%5Bvalue%5D=&search%5Bregex%5D=false&_=1728157326792, url => categorias
[05-Oct-2024 21:42:07 Europe/Berlin] sessionController::isPublic(): currentURL => categorias
[05-Oct-2024 21:42:07 Europe/Berlin] sessionController::getCurrentPage(): actualLink =>/FAST-PROJECT/categorias/getCategories?draw=1&columns%5B0%5D%5Bdata%5D=checkmarks&columns%5B0%5D%5Bname%5D=&columns%5B0%5D%5Bsearchable%5D=true&columns%5B0%5D%5Borderable%5D=false&columns%5B0%5D%5Bsearch%5D%5Bvalue%5D=&columns%5B0%5D%5Bsearch%5D%5Bregex%5D=false&columns%5B1%5D%5Bdata%5D=nombre_categoria&columns%5B1%5D%5Bname%5D=&columns%5B1%5D%5Bsearchable%5D=true&columns%5B1%5D%5Borderable%5D=true&columns%5B1%5D%5Bsearch%5D%5Bvalue%5D=&columns%5B1%5D%5Bsearch%5D%5Bregex%5D=false&columns%5B2%5D%5Bdata%5D=tipo_categoria&columns%5B2%5D%5Bname%5D=&columns%5B2%5D%5Bsearchable%5D=true&columns%5B2%5D%5Borderable%5D=true&columns%5B2%5D%5Bsearch%5D%5Bvalue%5D=&columns%5B2%5D%5Bsearch%5D%5Bregex%5D=false&columns%5B3%5D%5Bdata%5D=options&columns%5B3%5D%5Bname%5D=&columns%5B3%5D%5Bsearchable%5D=true&columns%5B3%5D%5Borderable%5D=false&columns%5B3%5D%5Bsearch%5D%5Bvalue%5D=&columns%5B3%5D%5Bsearch%5D%5Bregex%5D=false&order%5B0%5D%5Bcolumn%5D=1&order%5B0%5D%5Bdir%5D=asc&order%5B0%5D%5Bname%5D=&start=0&length=10&search%5Bvalue%5D=&search%5Bregex%5D=false&_=1728157326792, url => categorias
[05-Oct-2024 21:42:07 Europe/Berlin] SessionController::isAuthorized -> Role Administrador is validate for this site categorias
[05-Oct-2024 21:42:07 Europe/Berlin] SessionController::validateSession() => autorizado, lo deja pasar
[05-Oct-2024 21:42:07 Europe/Berlin] sessionController::getUserSessionData(): Dave
[05-Oct-2024 21:42:07 Europe/Berlin] Categorias::construct -> Controlador categorias
[05-Oct-2024 21:42:07 Europe/Berlin] ejecucion de la query cargarCategoriasSELECT c.*, s.nombre_subcategoria, s.id_sub_categoria FROM categorias c LEFT JOIN sub_categorias s ON c.id_categoria = s.id_categoria
[05-Oct-2024 21:42:07 Europe/Berlin] Registros por pagina: ->>>>>>>>>>>>>>>>> 10
[05-Oct-2024 21:42:07 Europe/Berlin] Inicio por pagina: ->>>>>>>>>>>>>>0
[05-Oct-2024 21:42:07 Europe/Berlin] 1
[05-Oct-2024 21:42:07 Europe/Berlin] 
[05-Oct-2024 21:42:07 Europe/Berlin] Consulta: ->>>>>>>>>>>>>>SELECT c.*, s.nombre_subcategoria, s.id_sub_categoria FROM categorias c LEFT JOIN sub_categorias s ON c.id_categoria = s.id_categoria ORDER BY nombre_categoria asc LIMIT 10 OFFSET 0
[05-Oct-2024 21:42:07 Europe/Berlin] SessionController::validateSession()
[05-Oct-2024 21:42:07 Europe/Berlin] sessionController::getUserSessionData(): Dave
[05-Oct-2024 21:42:07 Europe/Berlin] sessionController::validateSession(): username:damerchan99@soy.sena.edu.co - role: Administrador
[05-Oct-2024 21:42:07 Europe/Berlin] sessionController::getCurrentPage(): actualLink =>/FAST-PROJECT/categorias/getCategories?draw=1&columns%5B0%5D%5Bdata%5D=checkmarks&columns%5B0%5D%5Bname%5D=&columns%5B0%5D%5Bsearchable%5D=true&columns%5B0%5D%5Borderable%5D=false&columns%5B0%5D%5Bsearch%5D%5Bvalue%5D=&columns%5B0%5D%5Bsearch%5D%5Bregex%5D=false&columns%5B1%5D%5Bdata%5D=nombre_subcategoria&columns%5B1%5D%5Bname%5D=&columns%5B1%5D%5Bsearchable%5D=true&columns%5B1%5D%5Borderable%5D=true&columns%5B1%5D%5Bsearch%5D%5Bvalue%5D=&columns%5B1%5D%5Bsearch%5D%5Bregex%5D=false&columns%5B2%5D%5Bdata%5D=nombre_categoria&columns%5B2%5D%5Bname%5D=&columns%5B2%5D%5Bsearchable%5D=true&columns%5B2%5D%5Borderable%5D=true&columns%5B2%5D%5Bsearch%5D%5Bvalue%5D=&columns%5B2%5D%5Bsearch%5D%5Bregex%5D=false&columns%5B3%5D%5Bdata%5D=options&columns%5B3%5D%5Bname%5D=&columns%5B3%5D%5Bsearchable%5D=true&columns%5B3%5D%5Borderable%5D=false&columns%5B3%5D%5Bsearch%5D%5Bvalue%5D=&columns%5B3%5D%5Bsearch%5D%5Bregex%5D=false&order%5B0%5D%5Bcolumn%5D=0&order%5B0%5D%5Bdir%5D=asc&order%5B0%5D%5Bname%5D=&start=0&length=10&search%5Bvalue%5D=&search%5Bregex%5D=false&_=1728157326793, url => categorias
[05-Oct-2024 21:42:07 Europe/Berlin] sessionController::isPublic(): currentURL => categorias
[05-Oct-2024 21:42:07 Europe/Berlin] sessionController::getCurrentPage(): actualLink =>/FAST-PROJECT/categorias/getCategories?draw=1&columns%5B0%5D%5Bdata%5D=checkmarks&columns%5B0%5D%5Bname%5D=&columns%5B0%5D%5Bsearchable%5D=true&columns%5B0%5D%5Borderable%5D=false&columns%5B0%5D%5Bsearch%5D%5Bvalue%5D=&columns%5B0%5D%5Bsearch%5D%5Bregex%5D=false&columns%5B1%5D%5Bdata%5D=nombre_subcategoria&columns%5B1%5D%5Bname%5D=&columns%5B1%5D%5Bsearchable%5D=true&columns%5B1%5D%5Borderable%5D=true&columns%5B1%5D%5Bsearch%5D%5Bvalue%5D=&columns%5B1%5D%5Bsearch%5D%5Bregex%5D=false&columns%5B2%5D%5Bdata%5D=nombre_categoria&columns%5B2%5D%5Bname%5D=&columns%5B2%5D%5Bsearchable%5D=true&columns%5B2%5D%5Borderable%5D=true&columns%5B2%5D%5Bsearch%5D%5Bvalue%5D=&columns%5B2%5D%5Bsearch%5D%5Bregex%5D=false&columns%5B3%5D%5Bdata%5D=options&columns%5B3%5D%5Bname%5D=&columns%5B3%5D%5Bsearchable%5D=true&columns%5B3%5D%5Borderable%5D=false&columns%5B3%5D%5Bsearch%5D%5Bvalue%5D=&columns%5B3%5D%5Bsearch%5D%5Bregex%5D=false&order%5B0%5D%5Bcolumn%5D=0&order%5B0%5D%5Bdir%5D=asc&order%5B0%5D%5Bname%5D=&start=0&length=10&search%5Bvalue%5D=&search%5Bregex%5D=false&_=1728157326793, url => categorias
[05-Oct-2024 21:42:07 Europe/Berlin] SessionController::isAuthorized -> Role Administrador is validate for this site categorias
[05-Oct-2024 21:42:07 Europe/Berlin] SessionController::validateSession() => autorizado, lo deja pasar
[05-Oct-2024 21:42:07 Europe/Berlin] sessionController::getUserSessionData(): Dave
[05-Oct-2024 21:42:07 Europe/Berlin] Categorias::construct -> Controlador categorias
[05-Oct-2024 21:42:07 Europe/Berlin] ejecucion de la query cargarCategoriasSELECT c.*, s.nombre_subcategoria, s.id_sub_categoria FROM categorias c LEFT JOIN sub_categorias s ON c.id_categoria = s.id_categoria
[05-Oct-2024 21:42:07 Europe/Berlin] Registros por pagina: ->>>>>>>>>>>>>>>>> 10
[05-Oct-2024 21:42:07 Europe/Berlin] Inicio por pagina: ->>>>>>>>>>>>>>0
[05-Oct-2024 21:42:07 Europe/Berlin] 1
[05-Oct-2024 21:42:07 Europe/Berlin] 
[05-Oct-2024 21:42:07 Europe/Berlin] Consulta: ->>>>>>>>>>>>>>SELECT c.*, s.nombre_subcategoria, s.id_sub_categoria FROM categorias c LEFT JOIN sub_categorias s ON c.id_categoria = s.id_categoria ORDER BY c.nombre_categoria DESC LIMIT 10 OFFSET 0
[05-Oct-2024 21:42:16 Europe/Berlin] Inicializando la aplicacion...
[05-Oct-2024 21:42:16 Europe/Berlin] SessionController::validateSession()
[05-Oct-2024 21:42:16 Europe/Berlin] sessionController::getUserSessionData(): Dave
[05-Oct-2024 21:42:16 Europe/Berlin] sessionController::validateSession(): username:damerchan99@soy.sena.edu.co - role: Administrador
[05-Oct-2024 21:42:16 Europe/Berlin] sessionController::getCurrentPage(): actualLink =>/FAST-PROJECT/categorias, url => categorias
[05-Oct-2024 21:42:16 Europe/Berlin] sessionController::isPublic(): currentURL => categorias
[05-Oct-2024 21:42:16 Europe/Berlin] sessionController::getCurrentPage(): actualLink =>/FAST-PROJECT/categorias, url => categorias
[05-Oct-2024 21:42:16 Europe/Berlin] SessionController::isAuthorized -> Role Administrador is validate for this site categorias
[05-Oct-2024 21:42:16 Europe/Berlin] SessionController::validateSession() => autorizado, lo deja pasar
[05-Oct-2024 21:42:16 Europe/Berlin] sessionController::getUserSessionData(): Dave
[05-Oct-2024 21:42:16 Europe/Berlin] Categorias::construct -> Controlador categorias
[05-Oct-2024 21:42:16 Europe/Berlin] Categorias::render -> Carga la pagina principal de categorias
[05-Oct-2024 21:42:16 Europe/Berlin] Inicializando la aplicacion...
[05-Oct-2024 21:42:16 Europe/Berlin] Errores::construct -> inicio de errores
[05-Oct-2024 21:42:17 Europe/Berlin] Inicializando la aplicacion...
[05-Oct-2024 21:42:17 Europe/Berlin] Inicializando la aplicacion...
[05-Oct-2024 21:42:17 Europe/Berlin] SessionController::validateSession()
[05-Oct-2024 21:42:17 Europe/Berlin] sessionController::getUserSessionData(): Dave
[05-Oct-2024 21:42:17 Europe/Berlin] sessionController::validateSession(): username:damerchan99@soy.sena.edu.co - role: Administrador
[05-Oct-2024 21:42:17 Europe/Berlin] sessionController::getCurrentPage(): actualLink =>/FAST-PROJECT/categorias/getCategories?draw=1&columns%5B0%5D%5Bdata%5D=checkmarks&columns%5B0%5D%5Bname%5D=&columns%5B0%5D%5Bsearchable%5D=true&columns%5B0%5D%5Borderable%5D=false&columns%5B0%5D%5Bsearch%5D%5Bvalue%5D=&columns%5B0%5D%5Bsearch%5D%5Bregex%5D=false&columns%5B1%5D%5Bdata%5D=nombre_categoria&columns%5B1%5D%5Bname%5D=&columns%5B1%5D%5Bsearchable%5D=true&columns%5B1%5D%5Borderable%5D=true&columns%5B1%5D%5Bsearch%5D%5Bvalue%5D=&columns%5B1%5D%5Bsearch%5D%5Bregex%5D=false&columns%5B2%5D%5Bdata%5D=tipo_categoria&columns%5B2%5D%5Bname%5D=&columns%5B2%5D%5Bsearchable%5D=true&columns%5B2%5D%5Borderable%5D=true&columns%5B2%5D%5Bsearch%5D%5Bvalue%5D=&columns%5B2%5D%5Bsearch%5D%5Bregex%5D=false&columns%5B3%5D%5Bdata%5D=options&columns%5B3%5D%5Bname%5D=&columns%5B3%5D%5Bsearchable%5D=true&columns%5B3%5D%5Borderable%5D=false&columns%5B3%5D%5Bsearch%5D%5Bvalue%5D=&columns%5B3%5D%5Bsearch%5D%5Bregex%5D=false&order%5B0%5D%5Bcolumn%5D=1&order%5B0%5D%5Bdir%5D=asc&order%5B0%5D%5Bname%5D=&start=0&length=10&search%5Bvalue%5D=&search%5Bregex%5D=false&_=1728157336613, url => categorias
[05-Oct-2024 21:42:17 Europe/Berlin] sessionController::isPublic(): currentURL => categorias
[05-Oct-2024 21:42:17 Europe/Berlin] sessionController::getCurrentPage(): actualLink =>/FAST-PROJECT/categorias/getCategories?draw=1&columns%5B0%5D%5Bdata%5D=checkmarks&columns%5B0%5D%5Bname%5D=&columns%5B0%5D%5Bsearchable%5D=true&columns%5B0%5D%5Borderable%5D=false&columns%5B0%5D%5Bsearch%5D%5Bvalue%5D=&columns%5B0%5D%5Bsearch%5D%5Bregex%5D=false&columns%5B1%5D%5Bdata%5D=nombre_categoria&columns%5B1%5D%5Bname%5D=&columns%5B1%5D%5Bsearchable%5D=true&columns%5B1%5D%5Borderable%5D=true&columns%5B1%5D%5Bsearch%5D%5Bvalue%5D=&columns%5B1%5D%5Bsearch%5D%5Bregex%5D=false&columns%5B2%5D%5Bdata%5D=tipo_categoria&columns%5B2%5D%5Bname%5D=&columns%5B2%5D%5Bsearchable%5D=true&columns%5B2%5D%5Borderable%5D=true&columns%5B2%5D%5Bsearch%5D%5Bvalue%5D=&columns%5B2%5D%5Bsearch%5D%5Bregex%5D=false&columns%5B3%5D%5Bdata%5D=options&columns%5B3%5D%5Bname%5D=&columns%5B3%5D%5Bsearchable%5D=true&columns%5B3%5D%5Borderable%5D=false&columns%5B3%5D%5Bsearch%5D%5Bvalue%5D=&columns%5B3%5D%5Bsearch%5D%5Bregex%5D=false&order%5B0%5D%5Bcolumn%5D=1&order%5B0%5D%5Bdir%5D=asc&order%5B0%5D%5Bname%5D=&start=0&length=10&search%5Bvalue%5D=&search%5Bregex%5D=false&_=1728157336613, url => categorias
[05-Oct-2024 21:42:17 Europe/Berlin] SessionController::isAuthorized -> Role Administrador is validate for this site categorias
[05-Oct-2024 21:42:17 Europe/Berlin] SessionController::validateSession() => autorizado, lo deja pasar
[05-Oct-2024 21:42:17 Europe/Berlin] sessionController::getUserSessionData(): Dave
[05-Oct-2024 21:42:17 Europe/Berlin] Categorias::construct -> Controlador categorias
[05-Oct-2024 21:42:17 Europe/Berlin] ejecucion de la query cargarCategoriasSELECT c.*, s.nombre_subcategoria, s.id_sub_categoria FROM categorias c LEFT JOIN sub_categorias s ON c.id_categoria = s.id_categoria
[05-Oct-2024 21:42:17 Europe/Berlin] Registros por pagina: ->>>>>>>>>>>>>>>>> 10
[05-Oct-2024 21:42:17 Europe/Berlin] Inicio por pagina: ->>>>>>>>>>>>>>0
[05-Oct-2024 21:42:17 Europe/Berlin] 1
[05-Oct-2024 21:42:17 Europe/Berlin] 
[05-Oct-2024 21:42:17 Europe/Berlin] Consulta: ->>>>>>>>>>>>>>SELECT c.*, s.nombre_subcategoria, s.id_sub_categoria FROM categorias c LEFT JOIN sub_categorias s ON c.id_categoria = s.id_categoria ORDER BY nombre_categoria asc LIMIT 10 OFFSET 0
[05-Oct-2024 21:42:17 Europe/Berlin] SessionController::validateSession()
[05-Oct-2024 21:42:17 Europe/Berlin] sessionController::getUserSessionData(): Dave
[05-Oct-2024 21:42:17 Europe/Berlin] sessionController::validateSession(): username:damerchan99@soy.sena.edu.co - role: Administrador
[05-Oct-2024 21:42:17 Europe/Berlin] sessionController::getCurrentPage(): actualLink =>/FAST-PROJECT/categorias/getCategories?draw=1&columns%5B0%5D%5Bdata%5D=checkmarks&columns%5B0%5D%5Bname%5D=&columns%5B0%5D%5Bsearchable%5D=true&columns%5B0%5D%5Borderable%5D=false&columns%5B0%5D%5Bsearch%5D%5Bvalue%5D=&columns%5B0%5D%5Bsearch%5D%5Bregex%5D=false&columns%5B1%5D%5Bdata%5D=nombre_subcategoria&columns%5B1%5D%5Bname%5D=&columns%5B1%5D%5Bsearchable%5D=true&columns%5B1%5D%5Borderable%5D=true&columns%5B1%5D%5Bsearch%5D%5Bvalue%5D=&columns%5B1%5D%5Bsearch%5D%5Bregex%5D=false&columns%5B2%5D%5Bdata%5D=nombre_categoria&columns%5B2%5D%5Bname%5D=&columns%5B2%5D%5Bsearchable%5D=true&columns%5B2%5D%5Borderable%5D=true&columns%5B2%5D%5Bsearch%5D%5Bvalue%5D=&columns%5B2%5D%5Bsearch%5D%5Bregex%5D=false&columns%5B3%5D%5Bdata%5D=options&columns%5B3%5D%5Bname%5D=&columns%5B3%5D%5Bsearchable%5D=true&columns%5B3%5D%5Borderable%5D=false&columns%5B3%5D%5Bsearch%5D%5Bvalue%5D=&columns%5B3%5D%5Bsearch%5D%5Bregex%5D=false&order%5B0%5D%5Bcolumn%5D=0&order%5B0%5D%5Bdir%5D=asc&order%5B0%5D%5Bname%5D=&start=0&length=10&search%5Bvalue%5D=&search%5Bregex%5D=false&_=1728157336614, url => categorias
[05-Oct-2024 21:42:17 Europe/Berlin] sessionController::isPublic(): currentURL => categorias
[05-Oct-2024 21:42:17 Europe/Berlin] sessionController::getCurrentPage(): actualLink =>/FAST-PROJECT/categorias/getCategories?draw=1&columns%5B0%5D%5Bdata%5D=checkmarks&columns%5B0%5D%5Bname%5D=&columns%5B0%5D%5Bsearchable%5D=true&columns%5B0%5D%5Borderable%5D=false&columns%5B0%5D%5Bsearch%5D%5Bvalue%5D=&columns%5B0%5D%5Bsearch%5D%5Bregex%5D=false&columns%5B1%5D%5Bdata%5D=nombre_subcategoria&columns%5B1%5D%5Bname%5D=&columns%5B1%5D%5Bsearchable%5D=true&columns%5B1%5D%5Borderable%5D=true&columns%5B1%5D%5Bsearch%5D%5Bvalue%5D=&columns%5B1%5D%5Bsearch%5D%5Bregex%5D=false&columns%5B2%5D%5Bdata%5D=nombre_categoria&columns%5B2%5D%5Bname%5D=&columns%5B2%5D%5Bsearchable%5D=true&columns%5B2%5D%5Borderable%5D=true&columns%5B2%5D%5Bsearch%5D%5Bvalue%5D=&columns%5B2%5D%5Bsearch%5D%5Bregex%5D=false&columns%5B3%5D%5Bdata%5D=options&columns%5B3%5D%5Bname%5D=&columns%5B3%5D%5Bsearchable%5D=true&columns%5B3%5D%5Borderable%5D=false&columns%5B3%5D%5Bsearch%5D%5Bvalue%5D=&columns%5B3%5D%5Bsearch%5D%5Bregex%5D=false&order%5B0%5D%5Bcolumn%5D=0&order%5B0%5D%5Bdir%5D=asc&order%5B0%5D%5Bname%5D=&start=0&length=10&search%5Bvalue%5D=&search%5Bregex%5D=false&_=1728157336614, url => categorias
[05-Oct-2024 21:42:17 Europe/Berlin] SessionController::isAuthorized -> Role Administrador is validate for this site categorias
[05-Oct-2024 21:42:17 Europe/Berlin] SessionController::validateSession() => autorizado, lo deja pasar
[05-Oct-2024 21:42:17 Europe/Berlin] sessionController::getUserSessionData(): Dave
[05-Oct-2024 21:42:17 Europe/Berlin] Categorias::construct -> Controlador categorias
[05-Oct-2024 21:42:17 Europe/Berlin] ejecucion de la query cargarCategoriasSELECT c.*, s.nombre_subcategoria, s.id_sub_categoria FROM categorias c LEFT JOIN sub_categorias s ON c.id_categoria = s.id_categoria
[05-Oct-2024 21:42:17 Europe/Berlin] Registros por pagina: ->>>>>>>>>>>>>>>>> 10
[05-Oct-2024 21:42:17 Europe/Berlin] Inicio por pagina: ->>>>>>>>>>>>>>0
[05-Oct-2024 21:42:17 Europe/Berlin] 1
[05-Oct-2024 21:42:17 Europe/Berlin] 
[05-Oct-2024 21:42:17 Europe/Berlin] Consulta: ->>>>>>>>>>>>>>SELECT c.*, s.nombre_subcategoria, s.id_sub_categoria FROM categorias c LEFT JOIN sub_categorias s ON c.id_categoria = s.id_categoria ORDER BY c.nombre_categoria DESC LIMIT 10 OFFSET 0
